<?xml version="1.0" encoding="UTF-8" ?>
<testsuite tests="37" failures="1" name="TestSuite" time="32.404" errors="0" skipped="36">
  <properties>
[...]
</properties>
  <testcase classname="TestNG" name="launchapp" time="0.818">
    <failure message="
Parameter &apos;browser&apos; is required by BeforeTest on method launchapp but has not been marked @Optional or defined
" type="org.testng.TestNGException">org.testng.TestNGException: 
Parameter &apos;browser&apos; is required by BeforeTest on method launchapp but has not been marked @Optional or defined

	at org.testng.internal.Parameters.createParams(Parameters.java:290)
	at org.testng.internal.Parameters.createParametersForMethod(Parameters.java:359)
	at org.testng.internal.Parameters.createParameters(Parameters.java:620)
	at org.testng.internal.Parameters.createConfigurationParameters(Parameters.java:190)
	at org.testng.internal.Invoker.invokeConfigurations(Invoker.java:209)
	at org.testng.internal.Invoker.invokeConfigurations(Invoker.java:142)
	at org.testng.TestRunner.beforeRun(TestRunner.java:529)
	at org.testng.TestRunner.run(TestRunner.java:497)
	at org.testng.SuiteRunner.runTest(SuiteRunner.java:455)
	at org.testng.SuiteRunner.runSequentially(SuiteRunner.java:450)
	at org.testng.SuiteRunner.privateRun(SuiteRunner.java:415)
	at org.testng.SuiteRunner.run(SuiteRunner.java:364)
	at org.testng.SuiteRunnerWorker.runSuite(SuiteRunnerWorker.java:52)
	at org.testng.SuiteRunnerWorker.run(SuiteRunnerWorker.java:84)
	at org.testng.TestNG.runSuitesSequentially(TestNG.java:1208)
	at org.testng.TestNG.runSuitesLocally(TestNG.java:1137)
	at org.testng.TestNG.runSuites(TestNG.java:1049)
	at org.testng.TestNG.run(TestNG.java:1017)
	at org.apache.maven.surefire.testng.TestNGExecutor.run(TestNGExecutor.java:77)
	at org.apache.maven.surefire.testng.TestNGDirectoryTestSuite.executeMulti(TestNGDirectoryTestSuite.java:159)
	at org.apache.maven.surefire.testng.TestNGDirectoryTestSuite.execute(TestNGDirectoryTestSuite.java:99)
	at org.apache.maven.surefire.testng.TestNGProvider.invoke(TestNGProvider.java:106)
	at java.base/jdk.internal.reflect.NativeMethodAccessorImpl.invoke0(Native Method)
	at java.base/jdk.internal.reflect.NativeMethodAccessorImpl.invoke(NativeMethodAccessorImpl.java:62)
	at java.base/jdk.internal.reflect.DelegatingMethodAccessorImpl.invoke(DelegatingMethodAccessorImpl.java:43)
	at java.base/java.lang.reflect.Method.invoke(Method.java:566)
	at org.apache.maven.surefire.util.ReflectionUtils.invokeMethodWithArray(ReflectionUtils.java:189)
	at org.apache.maven.surefire.booter.ProviderFactory$ProviderProxy.invoke(ProviderFactory.java:165)
	at org.apache.maven.surefire.booter.ProviderFactory.invokeProvider(ProviderFactory.java:85)
	at org.apache.maven.surefire.booter.ForkedBooter.runSuitesInProcess(ForkedBooter.java:115)
	at org.apache.maven.surefire.booter.ForkedBooter.main(ForkedBooter.java:75)
</failure>
    <system-out>Configuring TestNG with: org.apache.maven.surefire.testng.conf.TestNG652Configurator@22a67b4
</system-out>
  </testcase>
  <testcase classname="TestNG" name="calculatepercent" time="0.856">
    <skipped/>
  </testcase>
  <testcase classname="TestNg2" name="test1" time="0.872">
    <skipped/>
  </testcase>
  <testcase classname="TestNg3" name="test1" time="0.872">
    <skipped/>
  </testcase>
  <testcase classname="TestNg3" name="test2" time="0.872">
    <skipped/>
  </testcase>
  <testcase classname="TestNg3" name="test3" time="0.872">
    <skipped/>
  </testcase>
  <testcase classname="Testng4" name="setup" time="0.872">
    <skipped/>
  </testcase>
  <testcase classname="Testng4" name="test1" time="0.872">
    <skipped/>
  </testcase>
  <testcase classname="Testng4" name="tearDown" time="0.872">
    <skipped/>
  </testcase>
  <testcase classname="Testng4" name="setup" time="0.872">
    <skipped/>
  </testcase>
  <testcase classname="Testng4" name="test10" time="0.872">
    <skipped/>
  </testcase>
  <testcase classname="Testng4" name="tearDown" time="0.872">
    <skipped/>
  </testcase>
  <testcase classname="Testng4" name="setup" time="0.872">
    <skipped/>
  </testcase>
  <testcase classname="Testng4" name="test2" time="0.872">
    <skipped/>
  </testcase>
  <testcase classname="Testng4" name="tearDown" time="0.872">
    <skipped/>
  </testcase>
  <testcase classname="Testng4" name="setup" time="0.872">
    <skipped/>
  </testcase>
  <testcase classname="Testng4" name="test3" time="0.872">
    <skipped/>
  </testcase>
  <testcase classname="Testng4" name="tearDown" time="0.872">
    <skipped/>
  </testcase>
  <testcase classname="Testng4" name="setup" time="0.872">
    <skipped/>
  </testcase>
  <testcase classname="Testng4" name="test4" time="0.872">
    <skipped/>
  </testcase>
  <testcase classname="Testng4" name="tearDown" time="0.872">
    <skipped/>
  </testcase>
  <testcase classname="Testng4" name="setup" time="0.872">
    <skipped/>
  </testcase>
  <testcase classname="Testng4" name="test5" time="0.872">
    <skipped/>
  </testcase>
  <testcase classname="Testng4" name="tearDown" time="0.887">
    <skipped/>
  </testcase>
  <testcase classname="Testng4" name="setup" time="0.887">
    <skipped/>
  </testcase>
  <testcase classname="Testng4" name="test6" time="0.887">
    <skipped/>
  </testcase>
  <testcase classname="Testng4" name="tearDown" time="0.887">
    <skipped/>
  </testcase>
  <testcase classname="Testng4" name="setup" time="0.887">
    <skipped/>
  </testcase>
  <testcase classname="Testng4" name="test7" time="0.887">
    <skipped/>
  </testcase>
  <testcase classname="Testng4" name="tearDown" time="0.887">
    <skipped/>
  </testcase>
  <testcase classname="Testng4" name="setup" time="0.887">
    <skipped/>
  </testcase>
  <testcase classname="Testng4" name="test8" time="0.887">
    <skipped/>
  </testcase>
  <testcase classname="Testng4" name="tearDown" time="0.887">
    <skipped/>
  </testcase>
  <testcase classname="Testng4" name="setup" time="0.887">
    <skipped/>
  </testcase>
  <testcase classname="Testng4" name="test9" time="0.887">
    <skipped/>
  </testcase>
  <testcase classname="Testng4" name="tearDown" time="0.887">
    <skipped/>
  </testcase>
  <testcase classname="TestNG" name="closeBrowser" time="0.887">
    <skipped/>
  </testcase>
</testsuite>