<?xml version="1.0" encoding="UTF-8"?>
<testsuite xmlns:xsi="http://www.w3.org/2001/XMLSchema-instance" xsi:noNamespaceSchemaLocation="https://maven.apache.org/surefire/maven-surefire-plugin/xsd/surefire-test-report.xsd" name="net.bugoff.selenide.runner.RunTest" time="51.878" tests="4" errors="0" skipped="0" failures="0">
  <properties>
[...]
</properties>
  <testcase name="Open Women Page" classname="I want to make some actions on main page" time="27.637"/>
  <testcase name="Open Dresses Page" classname="I want to make some actions on main page" time="11.36"/>
  <testcase name="Open T-shirts Page" classname="I want to make some actions on main page" time="8.651"/>
  <testcase name="Open women and check subcategories" classname="I want to make some actions on Women page" time="2.627"/>
</testsuite>