<?xml version="1.0" encoding="UTF-8"?>
<testsuite xmlns:xsi="http://www.w3.org/2001/XMLSchema-instance" xsi:noNamespaceSchemaLocation="https://maven.apache.org/surefire/maven-surefire-plugin/xsd/surefire-test-report.xsd" name="SimpleTest" time="21.335" tests="2" errors="2" skipped="0" failures="0">
  <properties>
[...]
</properties>
  <testcase name="loginClickWithUncorrectCredentials" classname="SimpleTest" time="14.21">
    <error message="unknown error: net::ERR_NAME_NOT_RESOLVED&#10;  (Session info: headless chrome=87.0.4280.88)&#10;Build info: version: &apos;3.141.59&apos;, revision: &apos;e82be7d358&apos;, time: &apos;2018-11-14T08:17:03&apos;&#10;System info: host: &apos;DESKTOP-0V3QR0S&apos;, ip: &apos;192.168.56.1&apos;, os.name: &apos;Windows 10&apos;, os.arch: &apos;amd64&apos;, os.version: &apos;10.0&apos;, java.version: &apos;11.0.9&apos;&#10;Driver info: org.openqa.selenium.chrome.ChromeDriver&#10;Capabilities {acceptInsecureCerts: false, browserName: chrome, browserVersion: 87.0.4280.88, chrome: {chromedriverVersion: 87.0.4280.88 (89e2380a3e36c..., userDataDir: C:\Users\Linar\AppData\Loca...}, goog:chromeOptions: {debuggerAddress: localhost:49939}, javascriptEnabled: true, networkConnectionEnabled: false, pageLoadStrategy: normal, platform: WINDOWS, platformName: WINDOWS, proxy: Proxy(), setWindowRect: true, strictFileInteractability: false, timeouts: {implicit: 0, pageLoad: 300000, script: 30000}, unhandledPromptBehavior: dismiss and notify, webauthn:virtualAuthenticators: true}&#10;Session ID: 1f29126bfa92b67f4bb28cd7708b9111" type="org.openqa.selenium.WebDriverException">org.openqa.selenium.WebDriverException: 
unknown error: net::ERR_NAME_NOT_RESOLVED
  (Session info: headless chrome=87.0.4280.88)
Build info: version: '3.141.59', revision: 'e82be7d358', time: '2018-11-14T08:17:03'
System info: host: 'DESKTOP-0V3QR0S', ip: '192.168.56.1', os.name: 'Windows 10', os.arch: 'amd64', os.version: '10.0', java.version: '11.0.9'
Driver info: org.openqa.selenium.chrome.ChromeDriver
Capabilities {acceptInsecureCerts: false, browserName: chrome, browserVersion: 87.0.4280.88, chrome: {chromedriverVersion: 87.0.4280.88 (89e2380a3e36c..., userDataDir: C:\Users\Linar\AppData\Loca...}, goog:chromeOptions: {debuggerAddress: localhost:49939}, javascriptEnabled: true, networkConnectionEnabled: false, pageLoadStrategy: normal, platform: WINDOWS, platformName: WINDOWS, proxy: Proxy(), setWindowRect: true, strictFileInteractability: false, timeouts: {implicit: 0, pageLoad: 300000, script: 30000}, unhandledPromptBehavior: dismiss and notify, webauthn:virtualAuthenticators: true}
Session ID: 1f29126bfa92b67f4bb28cd7708b9111
	at SimpleTest.start(SimpleTest.java:31)
</error>
    <system-out><![CDATA[22:02:25.914 [main] DEBUG io.github.bonigarcia.wdm.Preferences - Removing preference chrome=87 (expired on 2021-01-03 20:57:20)
22:02:25.946 [main] DEBUG io.github.bonigarcia.wdm.Shell - Running command on the shell: [wmic, datafile, where, name='C:\\Program Files (x86)\\Google\\Chrome\\Application\\chrome.exe', get, Version, /value]
22:02:26.175 [main] DEBUG io.github.bonigarcia.wdm.Shell - Result: 
22:02:26.176 [main] DEBUG io.github.bonigarcia.wdm.Shell - Running command on the shell: [wmic, datafile, where, name='C:\\Users\\Linar\\AppData\\Local\\Google\\Chrome\\Application\\chrome.exe', get, Version, /value]
22:02:26.311 [main] DEBUG io.github.bonigarcia.wdm.Shell - Result: 
22:02:26.312 [main] DEBUG io.github.bonigarcia.wdm.Shell - Running command on the shell: [wmic, datafile, where, name='C:\\Program Files\\Google\\Chrome\\Application\\chrome.exe', get, Version, /value]
22:02:26.442 [main] DEBUG io.github.bonigarcia.wdm.Shell - Result: Version=87.0.4280.88
22:02:26.444 [main] DEBUG io.github.bonigarcia.wdm.Preferences - Removing preference chrome87=87.0.4280.88 (expired on 2021-01-03 20:57:20)
22:02:26.446 [main] DEBUG i.g.bonigarcia.wdm.WebDriverManager - Getting driver version for chrome87 from online versions.properties
22:02:26.657 [main] WARN  i.g.bonigarcia.wdm.WebDriverManager - Error reading version.properties, using local instead
22:02:26.661 [main] DEBUG i.g.bonigarcia.wdm.WebDriverManager - Driver for chrome87 not found in online properties (using local version)
22:02:26.662 [main] DEBUG i.g.bonigarcia.wdm.WebDriverManager - The driver version for Google Chrome 87 is unknown ... trying with latest
22:02:26.668 [main] WARN  i.g.bonigarcia.wdm.WebDriverManager - Exception reading https://chromedriver.storage.googleapis.com/LATEST_RELEASE to get latest version of chromedriver (Этот хост неизвестен (chromedriver.storage.googleapis.com))
22:02:26.674 [main] INFO  i.g.bonigarcia.wdm.WebDriverManager - Reading https://chromedriver.storage.googleapis.com/ to seek chromedriver
22:02:26.678 [main] WARN  i.g.bonigarcia.wdm.WebDriverManager - There was an error managing chromedriver (latest version) (chromedriver.storage.googleapis.com) ... trying again using mirror
22:02:26.693 [main] DEBUG io.github.bonigarcia.wdm.Shell - Running command on the shell: [wmic, datafile, where, name='C:\\Program Files (x86)\\Google\\Chrome\\Application\\chrome.exe', get, Version, /value]
22:02:26.897 [main] DEBUG io.github.bonigarcia.wdm.Shell - Result: 
22:02:26.898 [main] DEBUG io.github.bonigarcia.wdm.Shell - Running command on the shell: [wmic, datafile, where, name='C:\\Users\\Linar\\AppData\\Local\\Google\\Chrome\\Application\\chrome.exe', get, Version, /value]
22:02:27.005 [main] DEBUG io.github.bonigarcia.wdm.Shell - Result: 
22:02:27.005 [main] DEBUG io.github.bonigarcia.wdm.Shell - Running command on the shell: [wmic, datafile, where, name='C:\\Program Files\\Google\\Chrome\\Application\\chrome.exe', get, Version, /value]
22:02:27.118 [main] DEBUG io.github.bonigarcia.wdm.Shell - Result: Version=87.0.4280.88
22:02:27.121 [main] DEBUG i.g.bonigarcia.wdm.WebDriverManager - Getting driver version for chrome87 from online versions.properties
22:02:27.121 [main] DEBUG i.g.bonigarcia.wdm.WebDriverManager - Driver for chrome87 not found in online properties (using local version)
22:02:27.122 [main] DEBUG i.g.bonigarcia.wdm.WebDriverManager - The driver version for Google Chrome 87 is unknown ... trying with latest
22:02:27.127 [main] WARN  i.g.bonigarcia.wdm.WebDriverManager - Exception reading http://npm.taobao.org/mirrors/chromedriverLATEST_RELEASE to get latest version of chromedriver (Этот хост неизвестен (npm.taobao.org))
22:02:27.184 [main] DEBUG i.g.bonigarcia.wdm.WebDriverManager - Driver chromedriver (latest version) found in cache
22:02:27.207 [main] INFO  i.g.bonigarcia.wdm.WebDriverManager - Exporting webdriver.chrome.driver as C:\Users\Linar\.m2\repository\webdriver\chromedriver\win32\87.0.4280.88\chromedriver.exe
]]></system-out>
    <system-err><![CDATA[Starting ChromeDriver 87.0.4280.88 (89e2380a3e36c3464b5dd1302349b1382549290d-refs/branch-heads/4280@{#1761}) on port 18120
Only local connections are allowed.
Please see https://chromedriver.chromium.org/security-considerations for suggestions on keeping ChromeDriver safe.
ChromeDriver was started successfully.
янв. 04, 2021 10:02:33 PM org.openqa.selenium.remote.ProtocolHandshake createSession
INFO: Detected dialect: W3C
]]></system-err>
  </testcase>
  <testcase name="loginClickWithCorrectCredentials" classname="SimpleTest" time="6.93">
    <error message="unknown error: net::ERR_NAME_NOT_RESOLVED&#10;  (Session info: headless chrome=87.0.4280.88)&#10;Build info: version: &apos;3.141.59&apos;, revision: &apos;e82be7d358&apos;, time: &apos;2018-11-14T08:17:03&apos;&#10;System info: host: &apos;DESKTOP-0V3QR0S&apos;, ip: &apos;192.168.56.1&apos;, os.name: &apos;Windows 10&apos;, os.arch: &apos;amd64&apos;, os.version: &apos;10.0&apos;, java.version: &apos;11.0.9&apos;&#10;Driver info: org.openqa.selenium.chrome.ChromeDriver&#10;Capabilities {acceptInsecureCerts: false, browserName: chrome, browserVersion: 87.0.4280.88, chrome: {chromedriverVersion: 87.0.4280.88 (89e2380a3e36c..., userDataDir: C:\Users\Linar\AppData\Loca...}, goog:chromeOptions: {debuggerAddress: localhost:49953}, javascriptEnabled: true, networkConnectionEnabled: false, pageLoadStrategy: normal, platform: WINDOWS, platformName: WINDOWS, proxy: Proxy(), setWindowRect: true, strictFileInteractability: false, timeouts: {implicit: 0, pageLoad: 300000, script: 30000}, unhandledPromptBehavior: dismiss and notify, webauthn:virtualAuthenticators: true}&#10;Session ID: ed08b156f2a16560d5bddc216e31b56d" type="org.openqa.selenium.WebDriverException">org.openqa.selenium.WebDriverException: 
unknown error: net::ERR_NAME_NOT_RESOLVED
  (Session info: headless chrome=87.0.4280.88)
Build info: version: '3.141.59', revision: 'e82be7d358', time: '2018-11-14T08:17:03'
System info: host: 'DESKTOP-0V3QR0S', ip: '192.168.56.1', os.name: 'Windows 10', os.arch: 'amd64', os.version: '10.0', java.version: '11.0.9'
Driver info: org.openqa.selenium.chrome.ChromeDriver
Capabilities {acceptInsecureCerts: false, browserName: chrome, browserVersion: 87.0.4280.88, chrome: {chromedriverVersion: 87.0.4280.88 (89e2380a3e36c..., userDataDir: C:\Users\Linar\AppData\Loca...}, goog:chromeOptions: {debuggerAddress: localhost:49953}, javascriptEnabled: true, networkConnectionEnabled: false, pageLoadStrategy: normal, platform: WINDOWS, platformName: WINDOWS, proxy: Proxy(), setWindowRect: true, strictFileInteractability: false, timeouts: {implicit: 0, pageLoad: 300000, script: 30000}, unhandledPromptBehavior: dismiss and notify, webauthn:virtualAuthenticators: true}
Session ID: ed08b156f2a16560d5bddc216e31b56d
	at SimpleTest.start(SimpleTest.java:31)
</error>
    <system-out><![CDATA[22:02:38.950 [main] DEBUG io.github.bonigarcia.wdm.Shell - Running command on the shell: [wmic, datafile, where, name='C:\\Program Files (x86)\\Google\\Chrome\\Application\\chrome.exe', get, Version, /value]
22:02:39.139 [main] DEBUG io.github.bonigarcia.wdm.Shell - Result: 
22:02:39.140 [main] DEBUG io.github.bonigarcia.wdm.Shell - Running command on the shell: [wmic, datafile, where, name='C:\\Users\\Linar\\AppData\\Local\\Google\\Chrome\\Application\\chrome.exe', get, Version, /value]
22:02:39.283 [main] DEBUG io.github.bonigarcia.wdm.Shell - Result: 
22:02:39.284 [main] DEBUG io.github.bonigarcia.wdm.Shell - Running command on the shell: [wmic, datafile, where, name='C:\\Program Files\\Google\\Chrome\\Application\\chrome.exe', get, Version, /value]
22:02:39.387 [main] DEBUG io.github.bonigarcia.wdm.Shell - Result: Version=87.0.4280.88
22:02:39.389 [main] DEBUG i.g.bonigarcia.wdm.WebDriverManager - Getting driver version for chrome87 from online versions.properties
22:02:39.389 [main] DEBUG i.g.bonigarcia.wdm.WebDriverManager - Driver for chrome87 not found in online properties (using local version)
22:02:39.390 [main] DEBUG i.g.bonigarcia.wdm.WebDriverManager - The driver version for Google Chrome 87 is unknown ... trying with latest
22:02:39.395 [main] WARN  i.g.bonigarcia.wdm.WebDriverManager - Exception reading https://chromedriver.storage.googleapis.com/LATEST_RELEASE to get latest version of chromedriver (Этот хост неизвестен (chromedriver.storage.googleapis.com))
22:02:39.398 [main] INFO  i.g.bonigarcia.wdm.WebDriverManager - Reading https://chromedriver.storage.googleapis.com/ to seek chromedriver
22:02:39.400 [main] WARN  i.g.bonigarcia.wdm.WebDriverManager - There was an error managing chromedriver (latest version) (chromedriver.storage.googleapis.com) ... trying again using mirror
22:02:39.409 [main] DEBUG io.github.bonigarcia.wdm.Shell - Running command on the shell: [wmic, datafile, where, name='C:\\Program Files (x86)\\Google\\Chrome\\Application\\chrome.exe', get, Version, /value]
22:02:39.522 [main] DEBUG io.github.bonigarcia.wdm.Shell - Result: 
22:02:39.523 [main] DEBUG io.github.bonigarcia.wdm.Shell - Running command on the shell: [wmic, datafile, where, name='C:\\Users\\Linar\\AppData\\Local\\Google\\Chrome\\Application\\chrome.exe', get, Version, /value]
22:02:39.624 [main] DEBUG io.github.bonigarcia.wdm.Shell - Result: 
22:02:39.625 [main] DEBUG io.github.bonigarcia.wdm.Shell - Running command on the shell: [wmic, datafile, where, name='C:\\Program Files\\Google\\Chrome\\Application\\chrome.exe', get, Version, /value]
22:02:39.728 [main] DEBUG io.github.bonigarcia.wdm.Shell - Result: Version=87.0.4280.88
22:02:39.730 [main] DEBUG i.g.bonigarcia.wdm.WebDriverManager - Getting driver version for chrome87 from online versions.properties
22:02:39.730 [main] DEBUG i.g.bonigarcia.wdm.WebDriverManager - Driver for chrome87 not found in online properties (using local version)
22:02:39.731 [main] DEBUG i.g.bonigarcia.wdm.WebDriverManager - The driver version for Google Chrome 87 is unknown ... trying with latest
22:02:39.735 [main] WARN  i.g.bonigarcia.wdm.WebDriverManager - Exception reading http://npm.taobao.org/mirrors/chromedriverLATEST_RELEASE to get latest version of chromedriver (Этот хост неизвестен (npm.taobao.org))
22:02:39.739 [main] DEBUG i.g.bonigarcia.wdm.WebDriverManager - Driver chromedriver (latest version) found in cache
22:02:39.740 [main] INFO  i.g.bonigarcia.wdm.WebDriverManager - Exporting webdriver.chrome.driver as C:\Users\Linar\.m2\repository\webdriver\chromedriver\win32\87.0.4280.88\chromedriver.exe
]]></system-out>
    <system-err><![CDATA[Starting ChromeDriver 87.0.4280.88 (89e2380a3e36c3464b5dd1302349b1382549290d-refs/branch-heads/4280@{#1761}) on port 22800
Only local connections are allowed.
Please see https://chromedriver.chromium.org/security-considerations for suggestions on keeping ChromeDriver safe.
ChromeDriver was started successfully.
янв. 04, 2021 10:02:42 PM org.openqa.selenium.remote.ProtocolHandshake createSession
INFO: Detected dialect: W3C
]]></system-err>
  </testcase>
</testsuite>